<?xml version="1.0" encoding="UTF-8"?>
<!-- Generated by org.testng.reporters.JUnitReportReporter -->
<testsuite hostname="DESKTOP-3K4HH4T" failures="0" tests="5" name="ITCStore_Project.ITCStore_Modules" time="270.035" errors="0" timestamp="2022-04-25T15:16:10 IST" skipped="0">
  <testcase classname="ITCStore_Project.ITCStore_Modules" name="modules1" time="37.797"/>
  <system-out/>
  <testcase classname="ITCStore_Project.ITCStore_Modules" name="modules2" time="47.596"/>
  <system-out/>
  <testcase classname="ITCStore_Project.ITCStore_Modules" name="modules3" time="59.155"/>
  <system-out/>
  <testcase classname="ITCStore_Project.ITCStore_Modules" name="modules4" time="98.027"/>
  <system-out/>
  <testcase classname="ITCStore_Project.ITCStore_Modules" name="modules5" time="27.460"/>
  <system-out/>
</testsuite> <!-- ITCStore_Project.ITCStore_Modules -->
