<?xml version="1.0" encoding="UTF-8"?>
<!-- Generated by org.testng.reporters.JUnitReportReporter -->
<testsuite hostname="DESKTOP-3K4HH4T" failures="0" tests="2" name="ITCStore_Project.ITCStore_LoginLogout" time="69.743" errors="0" timestamp="2022-04-24T16:10:34 IST" skipped="0">
  <testcase classname="ITCStore_Project.ITCStore_LoginLogout" name="login" time="35.776"/>
  <system-out/>
  <testcase classname="ITCStore_Project.ITCStore_LoginLogout" name="logout" time="33.967"/>
  <system-out/>
</testsuite> <!-- ITCStore_Project.ITCStore_LoginLogout -->
